<?xml version="1.0" encoding="UTF-8"?>
<testsuite xmlns:xsi="http://www.w3.org/2001/XMLSchema-instance" xsi:noNamespaceSchemaLocation="https://maven.apache.org/surefire/maven-surefire-plugin/xsd/surefire-test-report-3.0.xsd" version="3.0" name="com.apptism.service.UsuarioServiceIntegrationTest" time="6.687" tests="1" errors="0" skipped="0" failures="0">
  <properties>
[...]
</properties>
  <testcase name="crearUsuario_seGuardaEnBaseDeDatos" classname="com.apptism.service.UsuarioServiceIntegrationTest" time="0.262">
    <system-out><![CDATA[19:26:32.891 [main] INFO org.springframework.test.context.support.AnnotationConfigContextLoaderUtils -- Could not detect default configuration classes for test class [com.apptism.service.UsuarioServiceIntegrationTest]: UsuarioServiceIntegrationTest does not declare any static, non-private, non-final, nested classes annotated with @Configuration.
19:26:33.119 [main] INFO org.springframework.boot.test.context.SpringBootTestContextBootstrapper -- Found @SpringBootConfiguration com.apptism.Main for test class com.apptism.service.UsuarioServiceIntegrationTest

  .   ____          _            __ _ _
 /\\ / ___'_ __ _ _(_)_ __  __ _ \ \ \ \
( ( )\___ | '_ | '_| | '_ \/ _` | \ \ \ \
 \\/  ___)| |_)| | | | | || (_| |  ) ) ) )
  '  |____| .__|_| |_|_| |_\__, | / / / /
 =========|_|==============|___/=/_/_/_/
 :: Spring Boot ::                (v3.2.3)

2026-05-07T19:26:33.690+02:00  INFO 11364 --- [           main] c.a.s.UsuarioServiceIntegrationTest      : Starting UsuarioServiceIntegrationTest using Java 25.0.2 with PID 11364 (started by practicas in C:\Users\practicas\Desktop\Miguel\Apptism---Proyecto-de-Fin-de-Grado\Apptism)
2026-05-07T19:26:33.691+02:00  INFO 11364 --- [           main] c.a.s.UsuarioServiceIntegrationTest      : No active profile set, falling back to 1 default profile: "default"
2026-05-07T19:26:34.315+02:00  INFO 11364 --- [           main] .s.d.r.c.RepositoryConfigurationDelegate : Bootstrapping Spring Data JPA repositories in DEFAULT mode.
2026-05-07T19:26:34.413+02:00  INFO 11364 --- [           main] .s.d.r.c.RepositoryConfigurationDelegate : Finished Spring Data repository scanning in 88 ms. Found 6 JPA repository interfaces.
2026-05-07T19:26:34.869+02:00  INFO 11364 --- [           main] o.hibernate.jpa.internal.util.LogHelper  : HHH000204: Processing PersistenceUnitInfo [name: default]
2026-05-07T19:26:34.947+02:00  INFO 11364 --- [           main] org.hibernate.Version                    : HHH000412: Hibernate ORM core version 6.4.4.Final
2026-05-07T19:26:34.990+02:00  INFO 11364 --- [           main] o.h.c.internal.RegionFactoryInitiator    : HHH000026: Second-level cache disabled
2026-05-07T19:26:35.142+02:00  INFO 11364 --- [           main] o.s.o.j.p.SpringPersistenceUnitInfo      : No LoadTimeWeaver setup: ignoring JPA class transformer
2026-05-07T19:26:35.201+02:00  INFO 11364 --- [           main] com.zaxxer.hikari.HikariDataSource       : HikariPool-1 - Starting...
2026-05-07T19:26:35.524+02:00  INFO 11364 --- [           main] com.zaxxer.hikari.pool.HikariPool        : HikariPool-1 - Added connection conn0: url=jdbc:h2:mem:testdb user=SA
2026-05-07T19:26:35.531+02:00  INFO 11364 --- [           main] com.zaxxer.hikari.HikariDataSource       : HikariPool-1 - Start completed.
2026-05-07T19:26:35.575+02:00  WARN 11364 --- [           main] org.hibernate.orm.deprecation            : HHH90000025: H2Dialect does not need to be specified explicitly using 'hibernate.dialect' (remove the property setting and it will be selected by default)
2026-05-07T19:26:36.879+02:00  INFO 11364 --- [           main] o.h.e.t.j.p.i.JtaPlatformInitiator       : HHH000489: No JTA platform available (set 'hibernate.transaction.jta.platform' to enable JTA platform integration)
2026-05-07T19:26:36.980+02:00  INFO 11364 --- [           main] j.LocalContainerEntityManagerFactoryBean : Initialized JPA EntityManagerFactory for persistence unit 'default'
2026-05-07T19:26:39.013+02:00  INFO 11364 --- [           main] c.a.s.UsuarioServiceIntegrationTest      : Started UsuarioServiceIntegrationTest in 5.672 seconds (process running for 9.406)
]]></system-out>
  </testcase>
</testsuite>